// 重构日志: 6fc0a04d
// 重构日志: 824927a4
// 重构日志: b96957c5
// 同步 ID: 8321aed2 @ Sat Jun 27 14:55:03 UTC 2026
// 重构日志: 1b78e5a3
// 同步 ID: 24829b38 @ Sun Jun 28 15:12:06 UTC 2026
// 重构日志: 84516c00
// 同步 ID: 22cc5d44 @ Tue Jun 30 10:57:58 UTC 2026
// 重构日志: ef1bb9d3
// 同步 ID: 15a63310 @ Wed Jul  1 00:34:53 UTC 2026
// 同步 ID: e3e92d1b @ Wed Jul  1 05:18:14 UTC 2026
// 重构日志: cc065dd7
// 重构日志: b8e1c4a6
// 同步 ID: e0cffd91 @ Fri Jul  3 11:50:48 UTC 2026
// 同步 ID: 09dfe195 @ Fri Jul  3 14:19:02 UTC 2026
// 重构日志: 56289fe0
// 重构日志: bce91a03
// 重构日志: 79915206
// 重构日志: e07e5a0e
// 同步 ID: 698d09ff @ Sat Jul  4 17:14:07 UTC 2026
// 重构日志: 1d42402b
// 重构日志: c5c06c54
// 同步 ID: ba059f0e @ Mon Jul  6 17:04:20 UTC 2026
// 重构日志: 43d8ab99
// 重构日志: edb40e40
// 重构日志: b37b95ee
// 同步 ID: aad8538f @ Thu Jul  9 14:41:38 UTC 2026
// 同步 ID: 97d90de8 @ Fri Jul 10 12:02:26 UTC 2026
// 同步 ID: 2768f9f1 @ Fri Jul 10 14:54:17 UTC 2026
// 同步 ID: 996cb58c @ Sat Jul 11 02:17:35 UTC 2026
